g:\dev\keyhunt-cuda\keyhunt-cuda\x64\release\vc142.pdb
g:\dev\keyhunt-cuda\keyhunt-cuda\x64\release\timer.obj
g:\dev\keyhunt-cuda\keyhunt-cuda\x64\release\secp256k1.obj
g:\dev\keyhunt-cuda\keyhunt-cuda\x64\release\random.obj
g:\dev\keyhunt-cuda\keyhunt-cuda\x64\release\point.obj
g:\dev\keyhunt-cuda\keyhunt-cuda\x64\release\main.obj
g:\dev\keyhunt-cuda\keyhunt-cuda\x64\release\keyhunt.obj
g:\dev\keyhunt-cuda\keyhunt-cuda\x64\release\intmod.obj
g:\dev\keyhunt-cuda\keyhunt-cuda\x64\release\intgroup.obj
g:\dev\keyhunt-cuda\keyhunt-cuda\x64\release\int.obj
g:\dev\keyhunt-cuda\keyhunt-cuda\x64\release\sha512.obj
g:\dev\keyhunt-cuda\keyhunt-cuda\x64\release\sha256_sse.obj
g:\dev\keyhunt-cuda\keyhunt-cuda\x64\release\sha256.obj
g:\dev\keyhunt-cuda\keyhunt-cuda\x64\release\ripemd160_sse.obj
g:\dev\keyhunt-cuda\keyhunt-cuda\x64\release\ripemd160.obj
g:\dev\keyhunt-cuda\keyhunt-cuda\x64\release\keccak160.obj
g:\dev\keyhunt-cuda\keyhunt-cuda\x64\release\gpugenerate.obj
g:\dev\keyhunt-cuda\keyhunt-cuda\x64\release\gmputil.obj
g:\dev\keyhunt-cuda\keyhunt-cuda\x64\release\cmdparse.obj
g:\dev\keyhunt-cuda\keyhunt-cuda\x64\release\bloom.obj
g:\dev\keyhunt-cuda\keyhunt-cuda\x64\release\base58.obj
c:\users\user\source\repos\keyhunt-cuda99\keyhunt-cuda\x64\release\vc142.pdb
c:\users\user\source\repos\keyhunt-cuda99\keyhunt-cuda\x64\release\timer.obj
c:\users\user\source\repos\keyhunt-cuda99\keyhunt-cuda\x64\release\secp256k1.obj
c:\users\user\source\repos\keyhunt-cuda99\keyhunt-cuda\x64\release\random.obj
c:\users\user\source\repos\keyhunt-cuda99\keyhunt-cuda\x64\release\point.obj
c:\users\user\source\repos\keyhunt-cuda99\keyhunt-cuda\x64\release\main.obj
c:\users\user\source\repos\keyhunt-cuda99\keyhunt-cuda\x64\release\keyhunt.obj
c:\users\user\source\repos\keyhunt-cuda99\keyhunt-cuda\x64\release\intmod.obj
c:\users\user\source\repos\keyhunt-cuda99\keyhunt-cuda\x64\release\intgroup.obj
c:\users\user\source\repos\keyhunt-cuda99\keyhunt-cuda\x64\release\int.obj
c:\users\user\source\repos\keyhunt-cuda99\keyhunt-cuda\x64\release\sha512.obj
c:\users\user\source\repos\keyhunt-cuda99\keyhunt-cuda\x64\release\sha256_sse.obj
c:\users\user\source\repos\keyhunt-cuda99\keyhunt-cuda\x64\release\sha256.obj
c:\users\user\source\repos\keyhunt-cuda99\keyhunt-cuda\x64\release\ripemd160_sse.obj
c:\users\user\source\repos\keyhunt-cuda99\keyhunt-cuda\x64\release\ripemd160.obj
c:\users\user\source\repos\keyhunt-cuda99\keyhunt-cuda\x64\release\keccak160.obj
c:\users\user\source\repos\keyhunt-cuda99\keyhunt-cuda\x64\release\gpugenerate.obj
c:\users\user\source\repos\keyhunt-cuda99\keyhunt-cuda\x64\release\gmputil.obj
c:\users\user\source\repos\keyhunt-cuda99\keyhunt-cuda\x64\release\cmdparse.obj
c:\users\user\source\repos\keyhunt-cuda99\keyhunt-cuda\x64\release\bloom.obj
c:\users\user\source\repos\keyhunt-cuda99\keyhunt-cuda\x64\release\base58.obj
x64\release\gpuengine.cu.obj
g:\dev\keyhunt-cuda\x64\release\keyhunt-cuda.lib
g:\dev\keyhunt-cuda\x64\release\keyhunt-cuda.exp
g:\dev\keyhunt-cuda\x64\release\keyhunt-cuda.ipdb
g:\dev\keyhunt-cuda\x64\release\keyhunt-cuda.iobj
c:\users\user\source\repos\keyhunt-cuda99\x64\release\keyhunt-cuda.lib
c:\users\user\source\repos\keyhunt-cuda99\x64\release\keyhunt-cuda.exp
g:\dev\keyhunt-cuda\x64\release\keyhunt-cuda.exe
g:\dev\keyhunt-cuda\x64\release\keyhunt-cuda.pdb
c:\users\user\source\repos\keyhunt-cuda99\x64\release\keyhunt-cuda.exe
c:\users\user\source\repos\keyhunt-cuda99\keyhunt-cuda\x64\release\keyhunt-cuda.ipdb
c:\users\user\source\repos\keyhunt-cuda99\keyhunt-cuda\x64\release\keyhunt-cuda.iobj
c:\users\user\source\repos\keyhunt-cuda99\x64\release\keyhunt-cuda.pdb
c:\users\user\source\repos\keyhunt-cuda99\keyhunt-cuda\x64\release\gpuengine.cu.cache
c:\users\user\source\repos\keyhunt-cuda99\keyhunt-cuda\x64\release\gpuengine.cu.obj
c:\users\user\source\repos\keyhunt-cuda99\keyhunt-cuda\x64\release\keyhunt-cuda.tlog\cl.command.1.tlog
c:\users\user\source\repos\keyhunt-cuda99\keyhunt-cuda\x64\release\keyhunt-cuda.tlog\cl.read.1.tlog
c:\users\user\source\repos\keyhunt-cuda99\keyhunt-cuda\x64\release\keyhunt-cuda.tlog\cl.write.1.tlog
c:\users\user\source\repos\keyhunt-cuda99\keyhunt-cuda\x64\release\keyhunt-cuda.tlog\cudacompile.read.1u.tlog
c:\users\user\source\repos\keyhunt-cuda99\keyhunt-cuda\x64\release\keyhunt-cuda.tlog\cudacompile.write.1u.tlog
c:\users\user\source\repos\keyhunt-cuda99\keyhunt-cuda\x64\release\keyhunt-cuda.tlog\keyhunt-cuda.write.1u.tlog
c:\users\user\source\repos\keyhunt-cuda99\keyhunt-cuda\x64\release\keyhunt-cuda.tlog\link.command.1.tlog
c:\users\user\source\repos\keyhunt-cuda99\keyhunt-cuda\x64\release\keyhunt-cuda.tlog\link.read.1.tlog
c:\users\user\source\repos\keyhunt-cuda99\keyhunt-cuda\x64\release\keyhunt-cuda.tlog\link.write.1.tlog
